2018-01-21 14:39:47 (Thread 1) New block to mine at height 1491999 w/ difficulty of 69369292343
2018-01-21 14:39:47 (Thread 1) Started server listening on port 3333
2018-01-21 14:39:47 (Thread 1) Started server listening on port 5555
2018-01-21 14:39:47 (Thread 1) Started server listening on port 7777
2018-01-21 14:39:47 (Thread 1) Started server listening on port 8888
2018-01-21 14:39:54 (Thread 1) Miner RPC in { method: 'login',
  params: 
   { login: '49Ja9N4XprTAZ8Uiq8bd42aCQDcxBfH4X9SRs5Fw3RVeXtxRycQVA9BALFje36ZCVBRXhyBuXhR4SZPsPhWLnNUvDWX9hMY',
     pass: 'x',
     agent: 'xmr-stak/2.2.0/2ae7260/master/lin/cpu/aeon-monero/20' },
  id: 1 }
2018-01-21 14:39:54 (Thread 1) Miner RPC out {"id":1,"jsonrpc":"2.0","error":null,"result":{"id":"113592782965861","job":{"blob":"0606a3b092d30571621abda5fd8d47a9199ed6673b3bbe58815b7e8789d4aec15796c69772b5a700000000fceba0564664ec1fae63062228668aa925179c959ee685fe2ced26a1ae48af880c","job_id":"917988159204833","target":"285c8f02","id":"113592782965861"},"status":"OK"}}

2018-01-21 14:39:54 (Thread 1) Miner connected 49Ja9N4XprTAZ8Uiq8bd42aCQDcxBfH4X9SRs5Fw3RVeXtxRycQVA9BALFje36ZCVBRXhyBuXhR4SZPsPhWLnNUvDWX9hMY@127.0.0.1
2018-01-21 14:39:54 (Thread 1) Miner RPC in { method: 'login',
  params: 
   { login: '49Ja9N4XprTAZ8Uiq8bd42aCQDcxBfH4X9SRs5Fw3RVeXtxRycQVA9BALFje36ZCVBRXhyBuXhR4SZPsPhWLnNUvDWX9hMY',
     pass: 'x',
     agent: 'xmr-stak/2.2.0/2ae7260/master/lin/cpu/aeon-monero/20' },
  id: 1 }
2018-01-21 14:39:54 (Thread 1) Miner RPC out {"id":1,"jsonrpc":"2.0","error":null,"result":{"id":"980904454435221","job":{"blob":"0606a3b092d30571621abda5fd8d47a9199ed6673b3bbe58815b7e8789d4aec15796c69772b5a70000000095be12e8748d085340003cc5290dd7569ac3d04ac3b7ff724e269819186ee23d0c","job_id":"966138342698104","target":"285c8f02","id":"980904454435221"},"status":"OK"}}

2018-01-21 14:39:54 (Thread 1) Miner connected 49Ja9N4XprTAZ8Uiq8bd42aCQDcxBfH4X9SRs5Fw3RVeXtxRycQVA9BALFje36ZCVBRXhyBuXhR4SZPsPhWLnNUvDWX9hMY@127.0.0.1
2018-01-21 14:39:59 (Thread 1) Miner RPC in { method: 'submit',
  params: 
   { id: '980904454435221',
     job_id: '966138342698104',
     nonce: '2b000000',
     result: '9b55f09e16e7328da49366c7534a23c0447fd1d5d7b5facef7d9e57625bd1200' },
  id: 1 }
2018-01-21 14:39:59 (Thread 1) Accepted valid share at difficulty 100/3497 from 49Ja9N4XprTAZ8Uiq8bd42aCQDcxBfH4X9SRs5Fw3RVeXtxRycQVA9BALFje36ZCVBRXhyBuXhR4SZPsPhWLnNUvDWX9hMY@127.0.0.1
2018-01-21 14:39:59 (Thread 1) Miner RPC out {"id":1,"jsonrpc":"2.0","error":null,"result":{"status":"OK"}}

2018-01-21 14:40:04 (Thread 1) Miner RPC in { method: 'submit',
  params: 
   { id: '980904454435221',
     job_id: '966138342698104',
     nonce: '62000000',
     result: '15e0699be4a2eb462042d2e488f3ef2adfd6c24cfe79a8aa8b0f4a0f45876602' },
  id: 1 }
2018-01-21 14:40:04 (Thread 1) Accepted valid share at difficulty 100/106 from 49Ja9N4XprTAZ8Uiq8bd42aCQDcxBfH4X9SRs5Fw3RVeXtxRycQVA9BALFje36ZCVBRXhyBuXhR4SZPsPhWLnNUvDWX9hMY@127.0.0.1
2018-01-21 14:40:04 (Thread 1) Miner RPC out {"id":1,"jsonrpc":"2.0","error":null,"result":{"status":"OK"}}

2018-01-21 14:40:05 (Thread 1) Miner RPC in { method: 'submit',
  params: 
   { id: '980904454435221',
     job_id: '966138342698104',
     nonce: '68000000',
     result: 'f9584eb9f221c2c1ea23b05aa7c74d2ac990798adf3fdb2bcb2467f27816a300' },
  id: 1 }
2018-01-21 14:40:05 (Thread 1) Accepted valid share at difficulty 100/401 from 49Ja9N4XprTAZ8Uiq8bd42aCQDcxBfH4X9SRs5Fw3RVeXtxRycQVA9BALFje36ZCVBRXhyBuXhR4SZPsPhWLnNUvDWX9hMY@127.0.0.1
2018-01-21 14:40:05 (Thread 1) Miner RPC out {"id":1,"jsonrpc":"2.0","error":null,"result":{"status":"OK"}}

2018-01-21 14:40:08 (Thread 1) Miner RPC in { method: 'submit',
  params: 
   { id: '980904454435221',
     job_id: '966138342698104',
     nonce: '84000000',
     result: 'c14a185389376717f5923112499da50ab3f14f28335eff3e9e28c8e2e6187100' },
  id: 1 }
2018-01-21 14:40:08 (Thread 1) Accepted valid share at difficulty 100/579 from 49Ja9N4XprTAZ8Uiq8bd42aCQDcxBfH4X9SRs5Fw3RVeXtxRycQVA9BALFje36ZCVBRXhyBuXhR4SZPsPhWLnNUvDWX9hMY@127.0.0.1
2018-01-21 14:40:08 (Thread 1) Miner RPC out {"id":1,"jsonrpc":"2.0","error":null,"result":{"status":"OK"}}

2018-01-21 14:40:13 (Thread 1) Miner RPC in { method: 'submit',
  params: 
   { id: '980904454435221',
     job_id: '966138342698104',
     nonce: 'b5000000',
     result: '0432253fd662cbf9c8e14b67d07d611f97ae993825498b733361f89000b47000' },
  id: 1 }
2018-01-21 14:40:13 (Thread 1) Accepted valid share at difficulty 100/581 from 49Ja9N4XprTAZ8Uiq8bd42aCQDcxBfH4X9SRs5Fw3RVeXtxRycQVA9BALFje36ZCVBRXhyBuXhR4SZPsPhWLnNUvDWX9hMY@127.0.0.1
2018-01-21 14:40:13 (Thread 1) Miner RPC out {"id":1,"jsonrpc":"2.0","error":null,"result":{"status":"OK"}}

2018-01-21 14:40:13 (Thread 1) Miner RPC in { method: 'submit',
  params: 
   { id: '980904454435221',
     job_id: '966138342698104',
     nonce: 'ba000000',
     result: '8b0c93d1d2eae357c8ada0aa041574f496a1c0742937a0f1557d26ba2337fa00' },
  id: 1 }
2018-01-21 14:40:14 (Thread 1) Accepted valid share at difficulty 100/261 from 49Ja9N4XprTAZ8Uiq8bd42aCQDcxBfH4X9SRs5Fw3RVeXtxRycQVA9BALFje36ZCVBRXhyBuXhR4SZPsPhWLnNUvDWX9hMY@127.0.0.1
2018-01-21 14:40:14 (Thread 1) Miner RPC out {"id":1,"jsonrpc":"2.0","error":null,"result":{"status":"OK"}}

2018-01-21 14:40:16 (Thread 1) Retargetting difficulty 100 to 200 for 49Ja9N4XprTAZ8Uiq8bd42aCQDcxBfH4X9SRs5Fw3RVeXtxRycQVA9BALFje36ZCVBRXhyBuXhR4SZPsPhWLnNUvDWX9hMY
2018-01-21 14:40:19 (Thread 1) Miner RPC in { method: 'submit',
  params: 
   { id: '980904454435221',
     job_id: '760772559442557',
     nonce: '14000000',
     result: '334cfc4b8b89f23e94463c80fe6a1f140fd2edb67402e49aa0dc1146c21f0601' },
  id: 1 }
2018-01-21 14:40:19 (Thread 1) Accepted valid share at difficulty 200/250 from 49Ja9N4XprTAZ8Uiq8bd42aCQDcxBfH4X9SRs5Fw3RVeXtxRycQVA9BALFje36ZCVBRXhyBuXhR4SZPsPhWLnNUvDWX9hMY@127.0.0.1
2018-01-21 14:40:19 (Thread 1) Miner RPC out {"id":1,"jsonrpc":"2.0","error":null,"result":{"status":"OK"}}

2018-01-21 14:40:24 (Thread 1) Miner RPC in { method: 'submit',
  params: 
   { id: '980904454435221',
     job_id: '760772559442557',
     nonce: '43000000',
     result: '414e899a3e030d54555c060eb3ccd3c9b49f6fe227a216c1c91f189abfa80f01' },
  id: 1 }
2018-01-21 14:40:24 (Thread 1) Accepted valid share at difficulty 200/241 from 49Ja9N4XprTAZ8Uiq8bd42aCQDcxBfH4X9SRs5Fw3RVeXtxRycQVA9BALFje36ZCVBRXhyBuXhR4SZPsPhWLnNUvDWX9hMY@127.0.0.1
2018-01-21 14:40:24 (Thread 1) Miner RPC out {"id":1,"jsonrpc":"2.0","error":null,"result":{"status":"OK"}}

2018-01-21 14:40:45 (Thread 1) Miner RPC in { method: 'submit',
  params: 
   { id: '980904454435221',
     job_id: '760772559442557',
     nonce: '26010000',
     result: '502dc6ce6003038badef2530dc06fd7cfd4ec0ffef324cc496d7147b80df2600' },
  id: 1 }
2018-01-21 14:40:46 (Thread 1) Accepted valid share at difficulty 200/1685 from 49Ja9N4XprTAZ8Uiq8bd42aCQDcxBfH4X9SRs5Fw3RVeXtxRycQVA9BALFje36ZCVBRXhyBuXhR4SZPsPhWLnNUvDWX9hMY@127.0.0.1
2018-01-21 14:40:46 (Thread 1) Miner RPC out {"id":1,"jsonrpc":"2.0","error":null,"result":{"status":"OK"}}

2018-01-21 14:40:46 (Thread 1) Retargetting difficulty 200 to 400 for 49Ja9N4XprTAZ8Uiq8bd42aCQDcxBfH4X9SRs5Fw3RVeXtxRycQVA9BALFje36ZCVBRXhyBuXhR4SZPsPhWLnNUvDWX9hMY
2018-01-21 14:41:05 (Thread 1) Miner RPC in { method: 'submit',
  params: 
   { id: '980904454435221',
     job_id: '838344434252940',
     nonce: 'e5000000',
     result: 'ea084bfb15c73d9947b589bd005dd707d0732a665be6555fb92fa93a6f659f00' },
  id: 1 }
2018-01-21 14:41:06 (Thread 1) Accepted valid share at difficulty 400/411 from 49Ja9N4XprTAZ8Uiq8bd42aCQDcxBfH4X9SRs5Fw3RVeXtxRycQVA9BALFje36ZCVBRXhyBuXhR4SZPsPhWLnNUvDWX9hMY@127.0.0.1
2018-01-21 14:41:06 (Thread 1) Miner RPC out {"id":1,"jsonrpc":"2.0","error":null,"result":{"status":"OK"}}

2018-01-21 14:41:16 (Thread 1) Miner RPC in { method: 'submit',
  params: 
   { id: '980904454435221',
     job_id: '838344434252940',
     nonce: '67010000',
     result: 'ee5cdb1a5aa3d5dde721a3822e1f65df32343e5607fec23c028c65af92002900' },
  id: 1 }
2018-01-21 14:41:16 (Thread 1) Accepted valid share at difficulty 400/1598 from 49Ja9N4XprTAZ8Uiq8bd42aCQDcxBfH4X9SRs5Fw3RVeXtxRycQVA9BALFje36ZCVBRXhyBuXhR4SZPsPhWLnNUvDWX9hMY@127.0.0.1
2018-01-21 14:41:16 (Thread 1) Miner RPC out {"id":1,"jsonrpc":"2.0","error":null,"result":{"status":"OK"}}

2018-01-21 14:41:16 (Thread 1) Retargetting difficulty 400 to 800 for 49Ja9N4XprTAZ8Uiq8bd42aCQDcxBfH4X9SRs5Fw3RVeXtxRycQVA9BALFje36ZCVBRXhyBuXhR4SZPsPhWLnNUvDWX9hMY
2018-01-21 14:41:38 (Thread 1) Miner RPC in { method: 'submit',
  params: 
   { id: '980904454435221',
     job_id: '766979381581768',
     nonce: 'e9000000',
     result: 'f31c1085dbbb3521ce9c7319bc8b5900cd65f034f05025e182ef9283047c3f00' },
  id: 1 }
2018-01-21 14:41:38 (Thread 1) Accepted valid share at difficulty 800/1032 from 49Ja9N4XprTAZ8Uiq8bd42aCQDcxBfH4X9SRs5Fw3RVeXtxRycQVA9BALFje36ZCVBRXhyBuXhR4SZPsPhWLnNUvDWX9hMY@127.0.0.1
2018-01-21 14:41:38 (Thread 1) Miner RPC out {"id":1,"jsonrpc":"2.0","error":null,"result":{"status":"OK"}}

2018-01-21 14:41:46 (Thread 1) Retargetting difficulty 800 to 1600 for 49Ja9N4XprTAZ8Uiq8bd42aCQDcxBfH4X9SRs5Fw3RVeXtxRycQVA9BALFje36ZCVBRXhyBuXhR4SZPsPhWLnNUvDWX9hMY
2018-01-21 14:42:11 (Thread 1) New block to mine at height 1492000 w/ difficulty of 69212565753
2018-01-21 14:42:16 (Thread 1) Retargetting difficulty 100 to 70 for 49Ja9N4XprTAZ8Uiq8bd42aCQDcxBfH4X9SRs5Fw3RVeXtxRycQVA9BALFje36ZCVBRXhyBuXhR4SZPsPhWLnNUvDWX9hMY
2018-01-21 14:42:31 (Thread 1) New block to mine at height 1492001 w/ difficulty of 69297107109
2018-01-21 14:42:49 (Thread 1) Miner RPC in { method: 'submit',
  params: 
   { id: '980904454435221',
     job_id: '871904279547743',
     nonce: 'd1000000',
     result: '7434e4e8b6304bffe263afa3e4d1cf58c68fbe2dd1383b0709bc9b856e580900' },
  id: 1 }
2018-01-21 14:42:49 (Thread 1) Accepted valid share at difficulty 1600/7012 from 49Ja9N4XprTAZ8Uiq8bd42aCQDcxBfH4X9SRs5Fw3RVeXtxRycQVA9BALFje36ZCVBRXhyBuXhR4SZPsPhWLnNUvDWX9hMY@127.0.0.1
2018-01-21 14:42:49 (Thread 1) Miner RPC out {"id":1,"jsonrpc":"2.0","error":null,"result":{"status":"OK"}}

2018-01-21 14:43:51 (Thread 1) New block to mine at height 1492002 w/ difficulty of 69267011514
2018-01-21 14:44:12 (Thread 1) Miner RPC in { method: 'submit',
  params: 
   { id: '980904454435221',
     job_id: '130163603322580',
     nonce: 'e8000000',
     result: 'c4944acfde8bcf30f080167f24b65be46ccd10bd291da41b0cfcb5dc1a041000' },
  id: 1 }
2018-01-21 14:44:12 (Thread 1) Accepted trusted share at difficulty 1600/4091 from 49Ja9N4XprTAZ8Uiq8bd42aCQDcxBfH4X9SRs5Fw3RVeXtxRycQVA9BALFje36ZCVBRXhyBuXhR4SZPsPhWLnNUvDWX9hMY@127.0.0.1
2018-01-21 14:44:12 (Thread 1) Miner RPC out {"id":1,"jsonrpc":"2.0","error":null,"result":{"status":"OK"}}

2018-01-21 14:44:47 (Thread 1) Retargetting difficulty 70 to 46 for 49Ja9N4XprTAZ8Uiq8bd42aCQDcxBfH4X9SRs5Fw3RVeXtxRycQVA9BALFje36ZCVBRXhyBuXhR4SZPsPhWLnNUvDWX9hMY
